<?xml version="1.0" encoding="UTF-8"?>
<testng-results skipped="0" failed="0" ignored="0" total="1" passed="1">
  <reporter-output>
  </reporter-output>
  <suite name="Default suite" duration-ms="29352" started-at="2018-02-21T03:01:57Z" finished-at="2018-02-21T03:02:26Z">
    <groups>
    </groups>
    <test name="Default test" duration-ms="29352" started-at="2018-02-21T03:01:57Z" finished-at="2018-02-21T03:02:26Z">
      <class name="com.zoho.qa.testcases.HomePageTest">
        <test-method status="PASS" signature="setUp()[pri:0, instance:com.zoho.qa.testcases.HomePageTest@5f341870]" name="setUp" is-config="true" duration-ms="10028" started-at="2018-02-21T08:31:57Z" finished-at="2018-02-21T08:32:07Z">
          <reporter-output>
          </reporter-output>
        </test-method> <!-- setUp -->
        <test-method status="PASS" signature="verifyHomePageTitleTest()[pri:0, instance:com.zoho.qa.testcases.HomePageTest@5f341870]" name="verifyHomePageTitleTest" duration-ms="14176" started-at="2018-02-21T08:32:07Z" finished-at="2018-02-21T08:32:21Z">
          <reporter-output>
          </reporter-output>
        </test-method> <!-- verifyHomePageTitleTest -->
        <test-method status="PASS" signature="tearDown()[pri:0, instance:com.zoho.qa.testcases.HomePageTest@5f341870]" name="tearDown" is-config="true" duration-ms="5120" started-at="2018-02-21T08:32:21Z" finished-at="2018-02-21T08:32:26Z">
          <reporter-output>
          </reporter-output>
        </test-method> <!-- tearDown -->
      </class> <!-- com.zoho.qa.testcases.HomePageTest -->
    </test> <!-- Default test -->
  </suite> <!-- Default suite -->
</testng-results>
