<?xml version="1.0" encoding="UTF-8"?>
<!-- Generated by org.testng.reporters.JUnitXMLReporter -->
<testsuite ignored="0" name="Default test" tests="3" failures="0" timestamp="20 Feb 2018 10:13:59 GMT" time="26.032" errors="0">
  <testcase name="verifyTitlePageTest" time="0.027" classname="com.zoho.qa.testcases.LoginPageTest"/>
  <testcase name="validateLogoTest" time="0.044" classname="com.zoho.qa.testcases.LoginPageTest"/>
  <testcase name="login" time="0.389" classname="com.zoho.qa.testcases.LoginPageTest"/>
</testsuite> <!-- Default test -->
